nohup: ignoring input
2020-11-29 20:25:09,168 - telegram.ext.dispatcher - DEBUG - Setting singleton dispatcher as <telegram.ext.dispatcher.Dispatcher object at 0x7ff0f2796080>
2020-11-29 20:25:09,169 - apscheduler.scheduler - INFO - Scheduler started
2020-11-29 20:25:09,169 - apscheduler.scheduler - DEBUG - Looking for jobs to run
2020-11-29 20:25:09,170 - apscheduler.scheduler - DEBUG - No jobs; waiting until a job is added
2020-11-29 20:25:09,170 - telegram.bot - DEBUG - Entering: get_me
2020-11-29 20:25:09,170 - telegram.vendor.ptb_urllib3.urllib3.connectionpool - DEBUG - Starting new HTTPS connection (1): api.telegram.org
2020-11-29 20:25:09,806 - telegram.vendor.ptb_urllib3.urllib3.connectionpool - DEBUG - https://api.telegram.org:443 "POST /bot624508206:AAHnjG3k116QaM8UW1pRELGwqUWAJ3ukipo/getMe HTTP/1.1" 200 190
2020-11-29 20:25:09,807 - telegram.bot - DEBUG - {'id': 624508206, 'first_name': 'wazxwski', 'is_bot': True, 'username': 'wazxwskibot', 'can_join_groups': True, 'can_read_all_group_messages': True, 'supports_inline_queries': False}
2020-11-29 20:25:09,807 - telegram.bot - DEBUG - Exiting: get_me
2020-11-29 20:25:09,807 - telegram.bot - DEBUG - Entering: get_my_commands
2020-11-29 20:25:10,177 - telegram.vendor.ptb_urllib3.urllib3.connectionpool - DEBUG - https://api.telegram.org:443 "POST /bot624508206:AAHnjG3k116QaM8UW1pRELGwqUWAJ3ukipo/getMyCommands HTTP/1.1" 200 211
2020-11-29 20:25:10,177 - telegram.bot - DEBUG - [<telegram.botcommand.BotCommand object at 0x7ff0f27a9630>, <telegram.botcommand.BotCommand object at 0x7ff0f27a9240>, <telegram.botcommand.BotCommand object at 0x7ff0f27a9278>]
2020-11-29 20:25:10,177 - telegram.bot - DEBUG - Exiting: get_my_commands
2020-11-29 20:25:10,178 - telegram.ext.updater - DEBUG - Bot:624508206:dispatcher - started
2020-11-29 20:25:10,178 - telegram.ext.updater - DEBUG - Bot:624508206:updater - started
2020-11-29 20:25:10,178 - telegram.ext.updater - DEBUG - Updater thread started (polling)
2020-11-29 20:25:10,179 - telegram.ext.updater - DEBUG - Start network loop retry bootstrap del webhook
2020-11-29 20:25:10,179 - telegram.bot - DEBUG - Entering: delete_webhook
2020-11-29 20:25:10,179 - telegram.ext.updater - DEBUG - Waiting for Dispatcher and polling to start
2020-11-29 20:25:10,180 - telegram.ext.dispatcher - DEBUG - Dispatcher started
2020-11-29 20:25:10,377 - telegram.vendor.ptb_urllib3.urllib3.connectionpool - DEBUG - https://api.telegram.org:443 "POST /bot624508206:AAHnjG3k116QaM8UW1pRELGwqUWAJ3ukipo/deleteWebhook HTTP/1.1" 200 68
2020-11-29 20:25:10,377 - telegram.bot - DEBUG - True
2020-11-29 20:25:10,377 - telegram.bot - DEBUG - Exiting: delete_webhook
2020-11-29 20:25:10,377 - telegram.ext.updater - DEBUG - Start network loop retry bootstrap clean updates
2020-11-29 20:25:10,377 - telegram.ext.updater - DEBUG - Cleaning updates from Telegram server
2020-11-29 20:25:10,377 - telegram.bot - DEBUG - Entering: get_updates
2020-11-29 20:25:10,574 - telegram.vendor.ptb_urllib3.urllib3.connectionpool - DEBUG - https://api.telegram.org:443 "POST /bot624508206:AAHnjG3k116QaM8UW1pRELGwqUWAJ3ukipo/getUpdates HTTP/1.1" 200 23
2020-11-29 20:25:10,574 - telegram.bot - DEBUG - No new updates found.
2020-11-29 20:25:10,574 - telegram.bot - DEBUG - []
2020-11-29 20:25:10,574 - telegram.bot - DEBUG - Exiting: get_updates
2020-11-29 20:25:11,575 - telegram.ext.updater - DEBUG - Bootstrap done
2020-11-29 20:25:11,576 - telegram.ext.updater - DEBUG - Start network loop retry getting Updates
2020-11-29 20:25:11,576 - telegram.bot - DEBUG - Entering: get_updates
2020-11-29 20:25:19,496 - telegram.vendor.ptb_urllib3.urllib3.connectionpool - DEBUG - https://api.telegram.org:443 "POST /bot624508206:AAHnjG3k116QaM8UW1pRELGwqUWAJ3ukipo/getUpdates HTTP/1.1" 200 369
2020-11-29 20:25:19,496 - telegram.bot - DEBUG - Getting updates: [352714096]
2020-11-29 20:25:19,497 - telegram.bot - DEBUG - [<telegram.update.Update object at 0x7ff0f27a9d68>]
2020-11-29 20:25:19,497 - telegram.bot - DEBUG - Exiting: get_updates
2020-11-29 20:25:19,498 - telegram.ext.dispatcher - DEBUG - Processing Update: {'update_id': 352714096, 'message': {'message_id': 1120, 'date': 1606656319, 'chat': {'id': 506504321, 'type': 'private', 'username': 'mosigma', 'first_name': 'MO Sigma'}, 'text': '/registertoken', 'entities': [{'type': 'bot_command', 'offset': 0, 'length': 14}], 'caption_entities': [], 'photo': [], 'new_chat_members': [], 'new_chat_photo': [], 'delete_chat_photo': False, 'group_chat_created': False, 'supergroup_chat_created': False, 'channel_chat_created': False, 'from': {'id': 506504321, 'first_name': 'MO Sigma', 'is_bot': False, 'username': 'mosigma', 'language_code': 'en'}}}
2020-11-29 20:25:19,498 - telegram.ext.conversationhandler - DEBUG - selecting conversation (506504321, 506504321) with state None
2020-11-29 20:25:19,498 - telegram.bot - DEBUG - Entering: send_chat_action
2020-11-29 20:25:19,863 - telegram.vendor.ptb_urllib3.urllib3.connectionpool - DEBUG - https://api.telegram.org:443 "POST /bot624508206:AAHnjG3k116QaM8UW1pRELGwqUWAJ3ukipo/sendChatAction HTTP/1.1" 200 25
2020-11-29 20:25:19,863 - telegram.bot - DEBUG - True
2020-11-29 20:25:19,863 - telegram.bot - DEBUG - Exiting: send_chat_action
2020-11-29 20:25:19,863 - telegram.bot - DEBUG - Entering: get_me
2020-11-29 20:25:20,081 - telegram.vendor.ptb_urllib3.urllib3.connectionpool - DEBUG - https://api.telegram.org:443 "POST /bot624508206:AAHnjG3k116QaM8UW1pRELGwqUWAJ3ukipo/getMe HTTP/1.1" 200 190
2020-11-29 20:25:20,081 - telegram.bot - DEBUG - {'id': 624508206, 'first_name': 'wazxwski', 'is_bot': True, 'username': 'wazxwskibot', 'can_join_groups': True, 'can_read_all_group_messages': True, 'supports_inline_queries': False}
2020-11-29 20:25:20,081 - telegram.bot - DEBUG - Exiting: get_me
2020-11-29 20:25:20,083 - telegram.bot - DEBUG - Entering: send_message
2020-11-29 20:25:20,465 - telegram.vendor.ptb_urllib3.urllib3.connectionpool - DEBUG - https://api.telegram.org:443 "POST /bot624508206:AAHnjG3k116QaM8UW1pRELGwqUWAJ3ukipo/sendMessage HTTP/1.1" 200 436
2020-11-29 20:25:20,466 - telegram.bot - DEBUG - {'message_id': 1121, 'date': 1606656320, 'chat': {'id': 506504321, 'type': 'private', 'username': 'mosigma', 'first_name': 'MO Sigma'}, 'text': 'Hi, Please send me your .sdtid file\n\nor url token that look like this \nhttp://127.0.0.1/securidxxxxx', 'entities': [{'type': 'bold', 'offset': 24, 'length': 6}, {'type': 'code', 'offset': 71, 'length': 29}], 'caption_entities': [], 'photo': [], 'new_chat_members': [], 'new_chat_photo': [], 'delete_chat_photo': False, 'group_chat_created': False, 'supergroup_chat_created': False, 'channel_chat_created': False, 'from': {'id': 624508206, 'first_name': 'wazxwski', 'is_bot': True, 'username': 'wazxwskibot'}}
2020-11-29 20:25:20,466 - telegram.bot - DEBUG - Exiting: send_message
2020-11-29 20:25:22,498 - telegram.bot - DEBUG - Entering: get_updates
2020-11-29 20:25:25,532 - telegram.vendor.ptb_urllib3.urllib3.connectionpool - DEBUG - https://api.telegram.org:443 "POST /bot624508206:AAHnjG3k116QaM8UW1pRELGwqUWAJ3ukipo/getUpdates HTTP/1.1" 200 466
2020-11-29 20:25:25,533 - telegram.bot - DEBUG - Getting updates: [352714097]
2020-11-29 20:25:25,533 - telegram.bot - DEBUG - [<telegram.update.Update object at 0x7ff0f27a9ba8>]
2020-11-29 20:25:25,533 - telegram.bot - DEBUG - Exiting: get_updates
2020-11-29 20:25:25,534 - telegram.ext.dispatcher - DEBUG - Processing Update: {'update_id': 352714097, 'message': {'message_id': 1122, 'date': 1606656325, 'chat': {'id': 506504321, 'type': 'private', 'username': 'mosigma', 'first_name': 'MO Sigma'}, 'text': 'http://127.0.0.1/securid/ctf?ctfData=200050638925156333205521307520362535341613065502723775104172163270234706671631613', 'entities': [{'type': 'url', 'offset': 0, 'length': 118}], 'caption_entities': [], 'photo': [], 'new_chat_members': [], 'new_chat_photo': [], 'delete_chat_photo': False, 'group_chat_created': False, 'supergroup_chat_created': False, 'channel_chat_created': False, 'from': {'id': 506504321, 'first_name': 'MO Sigma', 'is_bot': False, 'username': 'mosigma', 'language_code': 'en'}}}
2020-11-29 20:25:25,534 - telegram.ext.conversationhandler - DEBUG - selecting conversation (506504321, 506504321) with state 0
2020-11-29 20:25:25,534 - telegram.bot - DEBUG - Entering: send_message
2020-11-29 20:25:25,955 - telegram.vendor.ptb_urllib3.urllib3.connectionpool - DEBUG - https://api.telegram.org:443 "POST /bot624508206:AAHnjG3k116QaM8UW1pRELGwqUWAJ3ukipo/sendMessage HTTP/1.1" 200 431
2020-11-29 20:25:25,956 - telegram.bot - DEBUG - {'message_id': 1123, 'date': 1606656326, 'chat': {'id': 506504321, 'type': 'private', 'username': 'mosigma', 'first_name': 'MO Sigma'}, 'text': "Great, now please provide username that'll be used to login with this token (not telegram username).\n\nPlease don't contain any spaces.", 'entities': [{'type': 'bold', 'offset': 102, 'length': 32}], 'caption_entities': [], 'photo': [], 'new_chat_members': [], 'new_chat_photo': [], 'delete_chat_photo': False, 'group_chat_created': False, 'supergroup_chat_created': False, 'channel_chat_created': False, 'from': {'id': 624508206, 'first_name': 'wazxwski', 'is_bot': True, 'username': 'wazxwskibot'}}
2020-11-29 20:25:25,956 - telegram.bot - DEBUG - Exiting: send_message
2020-11-29 20:25:28,534 - telegram.bot - DEBUG - Entering: get_updates
2020-11-29 20:25:29,359 - telegram.vendor.ptb_urllib3.urllib3.connectionpool - DEBUG - https://api.telegram.org:443 "POST /bot624508206:AAHnjG3k116QaM8UW1pRELGwqUWAJ3ukipo/getUpdates HTTP/1.1" 200 304
2020-11-29 20:25:29,359 - telegram.bot - DEBUG - Getting updates: [352714098]
2020-11-29 20:25:29,360 - telegram.bot - DEBUG - [<telegram.update.Update object at 0x7ff0f27a9a90>]
2020-11-29 20:25:29,360 - telegram.bot - DEBUG - Exiting: get_updates
2020-11-29 20:25:29,360 - telegram.ext.dispatcher - DEBUG - Processing Update: {'update_id': 352714098, 'message': {'message_id': 1124, 'date': 1606656329, 'chat': {'id': 506504321, 'type': 'private', 'username': 'mosigma', 'first_name': 'MO Sigma'}, 'text': '17010446', 'entities': [], 'caption_entities': [], 'photo': [], 'new_chat_members': [], 'new_chat_photo': [], 'delete_chat_photo': False, 'group_chat_created': False, 'supergroup_chat_created': False, 'channel_chat_created': False, 'from': {'id': 506504321, 'first_name': 'MO Sigma', 'is_bot': False, 'username': 'mosigma', 'language_code': 'en'}}}
2020-11-29 20:25:29,360 - telegram.ext.conversationhandler - DEBUG - selecting conversation (506504321, 506504321) with state 1
2020-11-29 20:25:29,360 - telegram.bot - DEBUG - Entering: send_message
2020-11-29 20:25:29,802 - telegram.vendor.ptb_urllib3.urllib3.connectionpool - DEBUG - https://api.telegram.org:443 "POST /bot624508206:AAHnjG3k116QaM8UW1pRELGwqUWAJ3ukipo/sendMessage HTTP/1.1" 200 369
2020-11-29 20:25:29,802 - telegram.bot - DEBUG - {'message_id': 1125, 'date': 1606656330, 'chat': {'id': 506504321, 'type': 'private', 'username': 'mosigma', 'first_name': 'MO Sigma'}, 'text': "Okay, next one is pin of your token.\n\nRemember, don't contain any spaces.", 'entities': [{'type': 'bold', 'offset': 38, 'length': 35}], 'caption_entities': [], 'photo': [], 'new_chat_members': [], 'new_chat_photo': [], 'delete_chat_photo': False, 'group_chat_created': False, 'supergroup_chat_created': False, 'channel_chat_created': False, 'from': {'id': 624508206, 'first_name': 'wazxwski', 'is_bot': True, 'username': 'wazxwskibot'}}
2020-11-29 20:25:29,802 - telegram.bot - DEBUG - Exiting: send_message
2020-11-29 20:25:32,361 - telegram.bot - DEBUG - Entering: get_updates
2020-11-29 20:25:34,814 - telegram.vendor.ptb_urllib3.urllib3.connectionpool - DEBUG - https://api.telegram.org:443 "POST /bot624508206:AAHnjG3k116QaM8UW1pRELGwqUWAJ3ukipo/getUpdates HTTP/1.1" 200 304
2020-11-29 20:25:34,814 - telegram.bot - DEBUG - Getting updates: [352714099]
2020-11-29 20:25:34,815 - telegram.bot - DEBUG - [<telegram.update.Update object at 0x7ff0f27a9d68>]
2020-11-29 20:25:34,815 - telegram.bot - DEBUG - Exiting: get_updates
2020-11-29 20:25:34,815 - telegram.ext.dispatcher - DEBUG - Processing Update: {'update_id': 352714099, 'message': {'message_id': 1126, 'date': 1606656335, 'chat': {'id': 506504321, 'type': 'private', 'username': 'mosigma', 'first_name': 'MO Sigma'}, 'text': '69694646', 'entities': [], 'caption_entities': [], 'photo': [], 'new_chat_members': [], 'new_chat_photo': [], 'delete_chat_photo': False, 'group_chat_created': False, 'supergroup_chat_created': False, 'channel_chat_created': False, 'from': {'id': 506504321, 'first_name': 'MO Sigma', 'is_bot': False, 'username': 'mosigma', 'language_code': 'en'}}}
2020-11-29 20:25:34,815 - telegram.ext.conversationhandler - DEBUG - selecting conversation (506504321, 506504321) with state 2
2020-11-29 20:25:34,816 - telegram.bot - DEBUG - Entering: send_message
2020-11-29 20:25:35,276 - telegram.vendor.ptb_urllib3.urllib3.connectionpool - DEBUG - https://api.telegram.org:443 "POST /bot624508206:AAHnjG3k116QaM8UW1pRELGwqUWAJ3ukipo/sendMessage HTTP/1.1" 200 981
2020-11-29 20:25:35,277 - telegram.bot - DEBUG - {'message_id': 1127, 'date': 1606656335, 'chat': {'id': 506504321, 'type': 'private', 'username': 'mosigma', 'first_name': 'MO Sigma'}, 'text': 'Terakhir bos, pilih team/grup di bawah.\nCopy / sentuh(kalo pake hp auto copied) nama tim dibawah, paste terus kirim.\n\nNama timnya aja, gaperlu |- username namaowner\n\n- tes tim aja\n  |- username Aku open bo\n\n- MO Sigma\n  |- 17010xxx tes\n\n- PRM\n  |- 17011301 Lola A\n\n\nKalo list diatas gaada, kirimin aja nama tim/dept nya nanti dibuatkan yang baru', 'entities': [{'type': 'bold', 'offset': 118, 'length': 24}, {'type': 'code', 'offset': 143, 'length': 21}, {'type': 'code', 'offset': 168, 'length': 11}, {'type': 'code', 'offset': 180, 'length': 25}, {'type': 'code', 'offset': 209, 'length': 8}, {'type': 'code', 'offset': 218, 'length': 17}, {'type': 'code', 'offset': 239, 'length': 3}, {'type': 'code', 'offset': 243, 'length': 20}, {'type': 'bold', 'offset': 266, 'length': 79}], 'caption_entities': [], 'photo': [], 'new_chat_members': [], 'new_chat_photo': [], 'delete_chat_photo': False, 'group_chat_created': False, 'supergroup_chat_created': False, 'channel_chat_created': False, 'from': {'id': 624508206, 'first_name': 'wazxwski', 'is_bot': True, 'username': 'wazxwskibot'}}
2020-11-29 20:25:35,277 - telegram.bot - DEBUG - Exiting: send_message
2020-11-29 20:25:37,816 - telegram.bot - DEBUG - Entering: get_updates
2020-11-29 20:25:41,200 - telegram.vendor.ptb_urllib3.urllib3.connectionpool - DEBUG - https://api.telegram.org:443 "POST /bot624508206:AAHnjG3k116QaM8UW1pRELGwqUWAJ3ukipo/getUpdates HTTP/1.1" 200 355
2020-11-29 20:25:41,201 - telegram.bot - DEBUG - Getting updates: [352714100]
2020-11-29 20:25:41,201 - telegram.bot - DEBUG - [<telegram.update.Update object at 0x7ff0f27ca0b8>]
2020-11-29 20:25:41,201 - telegram.bot - DEBUG - Exiting: get_updates
2020-11-29 20:25:41,202 - telegram.ext.dispatcher - DEBUG - Processing Update: {'update_id': 352714100, 'message': {'message_id': 1128, 'date': 1606656341, 'chat': {'id': 506504321, 'type': 'private', 'username': 'mosigma', 'first_name': 'MO Sigma'}, 'text': 'MO Sigma', 'entities': [{'type': 'code', 'offset': 0, 'length': 8}], 'caption_entities': [], 'photo': [], 'new_chat_members': [], 'new_chat_photo': [], 'delete_chat_photo': False, 'group_chat_created': False, 'supergroup_chat_created': False, 'channel_chat_created': False, 'from': {'id': 506504321, 'first_name': 'MO Sigma', 'is_bot': False, 'username': 'mosigma', 'language_code': 'en'}}}
2020-11-29 20:25:41,202 - telegram.ext.conversationhandler - DEBUG - selecting conversation (506504321, 506504321) with state 3
2020-11-29 20:25:41,202 - telegram.bot - DEBUG - Entering: send_message
2020-11-29 20:25:42,039 - telegram.vendor.ptb_urllib3.urllib3.connectionpool - DEBUG - https://api.telegram.org:443 "POST /bot624508206:AAHnjG3k116QaM8UW1pRELGwqUWAJ3ukipo/sendMessage HTTP/1.1" 200 407
2020-11-29 20:25:42,039 - telegram.bot - DEBUG - {'message_id': 1129, 'date': 1606656342, 'chat': {'id': 506504321, 'type': 'private', 'username': 'mosigma', 'first_name': 'MO Sigma'}, 'text': 'type okay to confirm your token information.\n\nUse /cancel to cancel', 'entities': [{'type': 'bold', 'offset': 5, 'length': 4}, {'type': 'bot_command', 'offset': 50, 'length': 7}], 'caption_entities': [], 'photo': [], 'new_chat_members': [], 'new_chat_photo': [], 'delete_chat_photo': False, 'group_chat_created': False, 'supergroup_chat_created': False, 'channel_chat_created': False, 'from': {'id': 624508206, 'first_name': 'wazxwski', 'is_bot': True, 'username': 'wazxwskibot'}}
2020-11-29 20:25:42,040 - telegram.bot - DEBUG - Exiting: send_message
2020-11-29 20:25:44,202 - telegram.bot - DEBUG - Entering: get_updates
2020-11-29 20:25:44,713 - telegram.vendor.ptb_urllib3.urllib3.connectionpool - DEBUG - https://api.telegram.org:443 "POST /bot624508206:AAHnjG3k116QaM8UW1pRELGwqUWAJ3ukipo/getUpdates HTTP/1.1" 200 300
2020-11-29 20:25:44,714 - telegram.bot - DEBUG - Getting updates: [352714101]
2020-11-29 20:25:44,714 - telegram.bot - DEBUG - [<telegram.update.Update object at 0x7ff0f27ca048>]
2020-11-29 20:25:44,714 - telegram.bot - DEBUG - Exiting: get_updates
2020-11-29 20:25:44,715 - telegram.ext.dispatcher - DEBUG - Processing Update: {'update_id': 352714101, 'message': {'message_id': 1130, 'date': 1606656344, 'chat': {'id': 506504321, 'type': 'private', 'username': 'mosigma', 'first_name': 'MO Sigma'}, 'text': 'okay', 'entities': [], 'caption_entities': [], 'photo': [], 'new_chat_members': [], 'new_chat_photo': [], 'delete_chat_photo': False, 'group_chat_created': False, 'supergroup_chat_created': False, 'channel_chat_created': False, 'from': {'id': 506504321, 'first_name': 'MO Sigma', 'is_bot': False, 'username': 'mosigma', 'language_code': 'en'}}}
2020-11-29 20:25:44,715 - telegram.ext.conversationhandler - DEBUG - selecting conversation (506504321, 506504321) with state 4
2020-11-29 20:25:44,776 - telegram.ext.dispatcher - ERROR - No error handlers are registered, logging exception.
Traceback (most recent call last):
  File "/home/adeqecil/.local/lib/python3.6/site-packages/telegram/ext/dispatcher.py", line 425, in process_update
    handler.handle_update(update, self, check, context)
  File "/home/adeqecil/.local/lib/python3.6/site-packages/telegram/ext/conversationhandler.py", line 487, in handle_update
    new_state = handler.handle_update(update, dispatcher, check_result, context)
  File "/home/adeqecil/.local/lib/python3.6/site-packages/telegram/ext/handler.py", line 145, in handle_update
    return self.callback(update, context)
  File "app.py", line 52, in importToken
    user.registerToken(chat_id=chat_id, chat_name=chat_name, username=username, setpin=setpin, team_name=grup, token=url, sdtid=sdtid)
  File "/home/adeqecil/development/rsa-token-bot/Role.py", line 240, in registerToken
    self.currentRole.registerToken(chat_id, chat_name, username, setpin, team_name, token, sdtid)
  File "/home/adeqecil/development/rsa-token-bot/Role.py", line 76, in registerToken
    db.insertOwner(chat_id, chat_name, team_name, username)
  File "/home/adeqecil/development/rsa-token-bot/dbhelper.py", line 64, in insertOwner
    cur.execute(query, (chat_id, chat_name, teamname, teamname, token))
sqlite3.InterfaceError: Error binding parameter 1 - probably unsupported type.
2020-11-29 20:25:47,715 - telegram.bot - DEBUG - Entering: get_updates
2020-11-29 20:25:57,944 - telegram.vendor.ptb_urllib3.urllib3.connectionpool - DEBUG - https://api.telegram.org:443 "POST /bot624508206:AAHnjG3k116QaM8UW1pRELGwqUWAJ3ukipo/getUpdates HTTP/1.1" 200 23
2020-11-29 20:25:57,945 - telegram.bot - DEBUG - No new updates found.
2020-11-29 20:25:57,945 - telegram.bot - DEBUG - []
2020-11-29 20:25:57,945 - telegram.bot - DEBUG - Exiting: get_updates
